<?xml version="1.0" encoding="UTF-8"?>
<!-- Generated by org.testng.reporters.JUnitReportReporter -->
<testsuite skipped="0" hostname="Yuvan-HP-New" name="com.shopclues.test.SearchTest" tests="2" failures="0" timestamp="20 Jan 2021 11:18:31 GMT" time="8.713" errors="0">
  <testcase name="searchProductTest" time="1.894" classname="com.shopclues.test.SearchTest"/>
  <testcase name="searchProductTest" time="6.819" classname="com.shopclues.test.SearchTest"/>
</testsuite> <!-- com.shopclues.test.SearchTest -->
