<?xml version="1.0" encoding="UTF-8"?>
<!-- Generated by org.testng.reporters.JUnitReportReporter -->
<testsuite skipped="0" hostname="Yuvan-HP-New" name="com.shopclues.test.SearchTest" tests="6" failures="0" timestamp="20 Jan 2021 14:11:36 GMT" time="17.871" errors="0">
  <testcase name="searchProductTest" time="4.876" classname="com.shopclues.test.SearchTest"/>
  <testcase name="searchProductTest" time="3.343" classname="com.shopclues.test.SearchTest"/>
  <testcase name="searchProductTest" time="3.081" classname="com.shopclues.test.SearchTest"/>
  <testcase name="searchProductTest" time="1.935" classname="com.shopclues.test.SearchTest"/>
  <testcase name="searchProductTest" time="3.139" classname="com.shopclues.test.SearchTest"/>
  <testcase name="searchProductTest" time="1.497" classname="com.shopclues.test.SearchTest"/>
</testsuite> <!-- com.shopclues.test.SearchTest -->
