<?xml version="1.0" encoding="UTF-8"?>
<!-- Generated by org.testng.reporters.JUnitReportReporter -->
<testsuite skipped="0" hostname="Yuvan-HP-New" name="com.shopclues.test.LoginTest" tests="3" failures="0" timestamp="18 Jan 2021 15:18:43 GMT" time="5.771" errors="0">
  <testcase name="urlTest" time="0.062" classname="com.shopclues.test.LoginTest"/>
  <testcase name="loginTest" time="3.770" classname="com.shopclues.test.LoginTest"/>
  <testcase name="logOutTest" time="1.939" classname="com.shopclues.test.LoginTest"/>
</testsuite> <!-- com.shopclues.test.LoginTest -->
