<?xml version="1.0" encoding="UTF-8"?>
<!-- Generated by org.testng.reporters.JUnitReportReporter -->
<testsuite skipped="0" hostname="Yuvan-HP-New" name="com.shopclues.test.RobotClassTest" tests="3" failures="0" timestamp="21 Jan 2021 12:20:12 GMT" time="7.631" errors="0">
  <testcase name="RobotSearchTest" time="2.805" classname="com.shopclues.test.RobotClassTest"/>
  <testcase name="RobotSearchTest" time="1.973" classname="com.shopclues.test.RobotClassTest"/>
  <testcase name="RobotSearchTest" time="2.853" classname="com.shopclues.test.RobotClassTest"/>
</testsuite> <!-- com.shopclues.test.RobotClassTest -->
