<?xml version="1.0" encoding="UTF-8"?>
<!-- Generated by org.testng.reporters.JUnitReportReporter -->
<testsuite skipped="0" hostname="Yuvan-HP-New" name="com.shopclues.test.SearchTest" tests="6" failures="0" timestamp="20 Jan 2021 14:28:17 GMT" time="13.821" errors="0">
  <testcase name="searchProductTest" time="1.243" classname="com.shopclues.test.SearchTest"/>
  <testcase name="searchProductTest" time="2.463" classname="com.shopclues.test.SearchTest"/>
  <testcase name="searchProductTest" time="3.531" classname="com.shopclues.test.SearchTest"/>
  <testcase name="searchProductTest" time="1.474" classname="com.shopclues.test.SearchTest"/>
  <testcase name="searchProductTest" time="1.915" classname="com.shopclues.test.SearchTest"/>
  <testcase name="searchProductTest" time="3.195" classname="com.shopclues.test.SearchTest"/>
</testsuite> <!-- com.shopclues.test.SearchTest -->
