<?xml version="1.0" encoding="UTF-8"?>
<!-- Generated by org.testng.reporters.JUnitReportReporter -->
<testsuite skipped="0" hostname="Yuvan-HP-New" name="com.shopclues.test.SearchTest" tests="6" failures="0" timestamp="20 Jan 2021 19:51:15 GMT" time="47.318" errors="0">
  <testcase name="searchProductTest" time="6.875" classname="com.shopclues.test.SearchTest"/>
  <testcase name="searchProductTest" time="8.638" classname="com.shopclues.test.SearchTest"/>
  <testcase name="searchProductTest" time="6.922" classname="com.shopclues.test.SearchTest"/>
  <testcase name="searchProductTest" time="7.133" classname="com.shopclues.test.SearchTest"/>
  <testcase name="searchProductTest" time="8.699" classname="com.shopclues.test.SearchTest"/>
  <testcase name="searchProductTest" time="9.051" classname="com.shopclues.test.SearchTest"/>
</testsuite> <!-- com.shopclues.test.SearchTest -->
